<?xml version="1.0" encoding="UTF-8"?>
<!-- Generated by org.testng.reporters.JUnitReportReporter -->
<testsuite hostname="DESKTOP-A4R13TG" failures="0" tests="4" name="NormalCalculator" time="2.690" errors="0" timestamp="2022-06-27T18:57:15 IST" skipped="0">
  <testcase classname="NormalCalculator" name="calculations" time="0.612"/>
  <system-out/>
  <testcase classname="NormalCalculator" name="calculations" time="0.658"/>
  <system-out/>
  <testcase classname="NormalCalculator" name="calculations" time="0.414"/>
  <system-out/>
  <testcase classname="NormalCalculator" name="calculations" time="1.006"/>
  <system-out/>
</testsuite> <!-- NormalCalculator -->
