<?xml version="1.0" encoding="UTF-8"?>
<!-- Generated by org.testng.reporters.JUnitReportReporter -->
<testsuite hostname="DESKTOP-A4R13TG" failures="0" tests="4" name="NormalCalculator" time="4.529" errors="0" timestamp="2022-06-27T22:56:16 IST" skipped="0">
  <testcase classname="NormalCalculator" name="calculations2" time="0.989"/>
  <system-out/>
  <testcase classname="NormalCalculator" name="calculations2" time="1.525"/>
  <system-out/>
  <testcase classname="NormalCalculator" name="calculations2" time="0.847"/>
  <system-out/>
  <testcase classname="NormalCalculator" name="calculations2" time="1.168"/>
  <system-out/>
</testsuite> <!-- NormalCalculator -->
